<?xml version="1.0" encoding="UTF-8"?>
<testng-results ignored="0" total="1" passed="1" failed="0" skipped="0">
  <reporter-output>
  </reporter-output>
  <suite started-at="2026-01-05T14:20:06 IST" name="Command line suite" finished-at="2026-01-05T14:20:51 IST" duration-ms="45296">
    <groups>
    </groups>
    <test started-at="2026-01-05T14:20:06 IST" name="Command line test" finished-at="2026-01-05T14:20:51 IST" duration-ms="45296">
      <class name="OrderOnlineRepeatChromeTest">
        <test-method is-config="true" signature="setUp()[pri:0, instance:OrderOnlineRepeatChromeTest@262b2c86]" started-at="2026-01-05T14:20:06 IST" name="setUp" finished-at="2026-01-05T14:20:08 IST" duration-ms="2392" status="PASS">
          <reporter-output>
          </reporter-output>
        </test-method> <!-- setUp -->
        <test-method signature="placeSingleOrder()[pri:0, instance:OrderOnlineRepeatChromeTest@262b2c86]" started-at="2026-01-05T14:20:08 IST" name="placeSingleOrder" finished-at="2026-01-05T14:20:51 IST" duration-ms="42444" status="PASS">
          <reporter-output>
          </reporter-output>
        </test-method> <!-- placeSingleOrder -->
        <test-method is-config="true" signature="tearDown()[pri:0, instance:OrderOnlineRepeatChromeTest@262b2c86]" started-at="2026-01-05T14:20:51 IST" name="tearDown" finished-at="2026-01-05T14:20:51 IST" duration-ms="407" status="PASS">
          <reporter-output>
          </reporter-output>
        </test-method> <!-- tearDown -->
      </class> <!-- OrderOnlineRepeatChromeTest -->
    </test> <!-- Command line test -->
  </suite> <!-- Command line suite -->
</testng-results>
